<?xml version="1.0" encoding="UTF-8"?>
<!-- Generated by org.testng.reporters.JUnitXMLReporter -->
<testsuite hostname="DESKTOP-VABRN9M" ignored="13" name="Main_MethodsTest" tests="1" failures="0" timestamp="2022-12-26T17:29:52 IST" time="44.066" errors="0">
  <testcase name="InValid_Login_002" time="15.231" classname="com.oneapp.test_suits.Main_Methods"/>
  <testcase name="Bookservice_FSC" time="0.0" classname="com.oneapp.test_suits.Main_Methods">
    <ignored/>
  </testcase> <!-- Bookservice_FSC -->
  <testcase name="Verify_OTP_100" time="0.0" classname="com.oneapp.test_suits.Main_Methods">
    <ignored/>
  </testcase> <!-- Verify_OTP_100 -->
  <testcase name="Dashboard_All_Popups_300" time="0.0" classname="com.oneapp.test_suits.Main_Methods">
    <ignored/>
  </testcase> <!-- Dashboard_All_Popups_300 -->
  <testcase name="Tips_Validation" time="0.0" classname="com.oneapp.test_suits.Main_Methods">
    <ignored/>
  </testcase> <!-- Tips_Validation -->
  <testcase name="Privacy_validation_004" time="0.0" classname="com.oneapp.test_suits.Main_Methods">
    <ignored/>
  </testcase> <!-- Privacy_validation_004 -->
  <testcase name="Myprofile_changes_Validation_400" time="0.0" classname="com.oneapp.test_suits.Main_Methods">
    <ignored/>
  </testcase> <!-- Myprofile_changes_Validation_400 -->
  <testcase name="T_and_C_validation_005" time="0.0" classname="com.oneapp.test_suits.Main_Methods">
    <ignored/>
  </testcase> <!-- T_and_C_validation_005 -->
  <testcase name="Contact_Us_005" time="0.0" classname="com.oneapp.test_suits.Main_Methods">
    <ignored/>
  </testcase> <!-- Contact_Us_005 -->
  <testcase name="Valid_Login_001" time="0.0" classname="com.oneapp.test_suits.Main_Methods">
    <ignored/>
  </testcase> <!-- Valid_Login_001 -->
  <testcase name="Emergency_contact_deleted_succesfully" time="0.0" classname="com.oneapp.test_suits.Main_Methods">
    <ignored/>
  </testcase> <!-- Emergency_contact_deleted_succesfully -->
  <testcase name="Mininum_length_field_validation_003" time="0.0" classname="com.oneapp.test_suits.Main_Methods">
    <ignored/>
  </testcase> <!-- Mininum_length_field_validation_003 -->
  <testcase name="Emergency_contact_added_succesfully" time="0.0" classname="com.oneapp.test_suits.Main_Methods">
    <ignored/>
  </testcase> <!-- Emergency_contact_added_succesfully -->
  <testcase name="Vehicle_selected_succesfully_200" time="0.0" classname="com.oneapp.test_suits.Main_Methods">
    <ignored/>
  </testcase> <!-- Vehicle_selected_succesfully_200 -->
</testsuite> <!-- Main_MethodsTest -->
