<?xml version="1.0" encoding="UTF-8"?>
<testsuite xmlns:xsi="http://www.w3.org/2001/XMLSchema-instance" xsi:noNamespaceSchemaLocation="https://maven.apache.org/surefire/maven-surefire-plugin/xsd/surefire-test-report-3.0.xsd" version="3.0" name="TestSuite" time="399.26" tests="6" errors="0" skipped="0" failures="0">
  <properties>
[...]
</properties>
  <testcase name="validate_OTP_testcase" classname="com.oneapp.test_suits.OTP_testcases" time="81.856">
    <system-out><![CDATA[Android emulator gets opened
Login
OTP page
Book service FSC Vin selected
**********************
Validate_OTP_testcase100 Passed
]]></system-out>
    <system-err><![CDATA[Feb 06, 2023 3:48:35 PM io.appium.java_client.remote.AppiumCommandExecutor$1 lambda$0
INFO: Detected dialect: W3C
]]></system-err>
  </testcase>
  <testcase name="validate_myprofile_valid_details_testcase400" classname="com.oneapp.test_suits.Myprofile_testcases" time="133.456">
    <system-out><![CDATA[Login
OTP page
Book service FSC Vin selected
Profile Details
org.testng.asserts.SoftAssert@59dc36d4
Female was not selected earlier but now it has been selected
*************************************
Swiped succesfully
Swiped succesfully
AFTER SAVING MY PROFILE DETAILS
f30 mumbai bandra east
Female
**********************
Myprofile_changes_Validation_testcase400 Passed
]]></system-out>
  </testcase>
  <testcase name="validate_emergency_contact_added_succesfully_testcase" classname="com.oneapp.test_suits.EmergencyContact_testcases" time="77.736">
    <system-out><![CDATA[Login
OTP page
Book service FSC Vin selected
8130998133
**********************
Emergency_contact_added_succesfully_testcase Passed
]]></system-out>
  </testcase>
  <testcase name="validate_emergency_contact_deleted_succesfully_testcase" classname="com.oneapp.test_suits.EmergencyContact_testcases" time="6.131">
    <system-out><![CDATA[Contact deleted succesfully and now displaying Add Emergency contact
**********************
Emergency_contact_deleted_succesfully Passed
]]></system-out>
  </testcase>
  <testcase name="validation_manage_licence_testcase" classname="com.oneapp.test_suits.ManageLicense_testcases" time="38.908">
    <system-out><![CDATA[**********************
validation_manage_licence_testcase Passed
]]></system-out>
  </testcase>
  <testcase name="validate_Goodlife_Non_member_asOwner_testcase" classname="com.oneapp.test_suits.GoodLife_testcases" time="36.772">
    <system-out><![CDATA[**********************
Goodlife_Nonmember_Owner_testcase Passed
]]></system-out>
  </testcase>
</testsuite>