<?xml version="1.0" encoding="UTF-8"?>
<!-- Generated by org.testng.reporters.JUnitXMLReporter -->
<testsuite ignored="7" hostname="DESKTOP-VABRN9M" failures="1" tests="6" name="Main_MethodsTest" time="439.448" errors="0" timestamp="2023-01-10T21:29:33 IST">
  <testcase classname="com.oneapp.test_suits.Main_Methods" name="Verify_OTP_testcase100" time="77.374"/>
  <testcase classname="com.oneapp.test_suits.Main_Methods" name="Myprofile_changes_Validation_testcase400" time="120.815"/>
  <testcase classname="com.oneapp.test_suits.Main_Methods" name="Emergency_contact_added_succesfully_testcase" time="78.417"/>
  <testcase classname="com.oneapp.test_suits.Main_Methods" name="Emergency_contact_deleted_succesfully_testcase" time="9.074"/>
  <testcase classname="com.oneapp.test_suits.Main_Methods" name="Bookservice_FSC_testcase" time="125.045"/>
  <testcase classname="com.oneapp.test_suits.Main_Methods" name="Goodlife_Nonmember_Owner_testcase" time="3.256">
    <failure type="org.openqa.selenium.StaleElementReferenceException" message="androidx.test.uiautomator.StaleObjectException
For documentation on this error, please visit: https://www.seleniumhq.org/exceptions/stale_element_reference.html
Build info: version: &amp;apos;3.141.59&amp;apos;, revision: &amp;apos;e82be7d358&amp;apos;, time: &amp;apos;2018-11-14T08:17:03&amp;apos;
System info: host: &amp;apos;DESKTOP-VABRN9M&amp;apos;, ip: &amp;apos;192.168.0.106&amp;apos;, os.name: &amp;apos;Windows 10&amp;apos;, os.arch: &amp;apos;amd64&amp;apos;, os.version: &amp;apos;10.0&amp;apos;, java.version: &amp;apos;17.0.4.1&amp;apos;
Driver info: io.appium.java_client.android.AndroidDriver
Capabilities {app: D:\JAVA\Eclipse- workspace\..., appPackage: com.customerapp.hero, automationName: UiAutomator2, avd: Pixel_3, avdLaunchTimeout: 400000, databaseEnabled: false, desired: {app: D:\JAVA\Eclipse- workspace\..., automationName: UiAutomator2, avd: Pixel_3, avdLaunchTimeout: 400000, deviceName: Pixel 3, newCommandTimeout: 900, platformName: android, readyTimeout: 400000, udid: emulator-5554}, deviceApiLevel: 31, deviceManufacturer: Google, deviceModel: sdk_gphone64_x86_64, deviceName: emulator-5554, deviceScreenDensity: 440, deviceScreenSize: 1080x2160, deviceUDID: emulator-5554, javascriptEnabled: true, locationContextEnabled: false, networkConnectionEnabled: true, newCommandTimeout: 900, pixelRatio: 2.75, platform: LINUX, platformName: Android, platformVersion: 12, readyTimeout: 400000, statBarHeight: 66, takesScreenshot: true, udid: emulator-5554, viewportRect: {height: 1962, left: 0, top: 66, width: 1080}, warnings: {}, webStorageEnabled: false}
Session ID: 9802bcad-2779-4654-ad6e-263bffb3419b">
      <![CDATA[org.openqa.selenium.StaleElementReferenceException: androidx.test.uiautomator.StaleObjectException
For documentation on this error, please visit: https://www.seleniumhq.org/exceptions/stale_element_reference.html
Build info: version: '3.141.59', revision: 'e82be7d358', time: '2018-11-14T08:17:03'
System info: host: 'DESKTOP-VABRN9M', ip: '192.168.0.106', os.name: 'Windows 10', os.arch: 'amd64', os.version: '10.0', java.version: '17.0.4.1'
Driver info: io.appium.java_client.android.AndroidDriver
Capabilities {app: D:\JAVA\Eclipse- workspace\..., appPackage: com.customerapp.hero, automationName: UiAutomator2, avd: Pixel_3, avdLaunchTimeout: 400000, databaseEnabled: false, desired: {app: D:\JAVA\Eclipse- workspace\..., automationName: UiAutomator2, avd: Pixel_3, avdLaunchTimeout: 400000, deviceName: Pixel 3, newCommandTimeout: 900, platformName: android, readyTimeout: 400000, udid: emulator-5554}, deviceApiLevel: 31, deviceManufacturer: Google, deviceModel: sdk_gphone64_x86_64, deviceName: emulator-5554, deviceScreenDensity: 440, deviceScreenSize: 1080x2160, deviceUDID: emulator-5554, javascriptEnabled: true, locationContextEnabled: false, networkConnectionEnabled: true, newCommandTimeout: 900, pixelRatio: 2.75, platform: LINUX, platformName: Android, platformVersion: 12, readyTimeout: 400000, statBarHeight: 66, takesScreenshot: true, udid: emulator-5554, viewportRect: {height: 1962, left: 0, top: 66, width: 1080}, warnings: {}, webStorageEnabled: false}
Session ID: 9802bcad-2779-4654-ad6e-263bffb3419b
at org.openqa.selenium.remote.http.W3CHttpResponseCodec.createException(W3CHttpResponseCodec.java:187)
at org.openqa.selenium.remote.http.W3CHttpResponseCodec.decode(W3CHttpResponseCodec.java:122)
at org.openqa.selenium.remote.http.W3CHttpResponseCodec.decode(W3CHttpResponseCodec.java:49)
at org.openqa.selenium.remote.HttpCommandExecutor.execute(HttpCommandExecutor.java:158)
at io.appium.java_client.remote.AppiumCommandExecutor.execute(AppiumCommandExecutor.java:250)
at org.openqa.selenium.remote.RemoteWebDriver.execute(RemoteWebDriver.java:552)
at io.appium.java_client.DefaultGenericMobileDriver.execute(DefaultGenericMobileDriver.java:41)
at io.appium.java_client.AppiumDriver.execute(AppiumDriver.java:1)
at io.appium.java_client.android.AndroidDriver.execute(AndroidDriver.java:1)
at org.openqa.selenium.remote.RemoteWebElement.execute(RemoteWebElement.java:285)
at io.appium.java_client.DefaultGenericMobileElement.execute(DefaultGenericMobileElement.java:45)
at io.appium.java_client.MobileElement.execute(MobileElement.java:1)
at io.appium.java_client.android.AndroidElement.execute(AndroidElement.java:1)
at org.openqa.selenium.remote.RemoteWebElement.getText(RemoteWebElement.java:166)
at org.openqa.selenium.support.pagefactory.internal.LocatingElementHandler.invoke(LocatingElementHandler.java:51)
at jdk.proxy2/jdk.proxy2.$Proxy12.getText(Unknown Source)
at com.oneapp.page_actions.Login_Page_Action.validate_login(Login_Page_Action.java:102)
at com.oneapp.test_suits.Main_Methods.Goodlife_Nonmember_Owner_testcase(Main_Methods.java:276)
at java.base/java.util.ArrayList.forEach(ArrayList.java:1511)
... Removed 35 stack frames]]>
    </failure>
  </testcase> <!-- Goodlife_Nonmember_Owner_testcase -->
  <testcase classname="com.oneapp.test_suits.Main_Methods" name="Tips_Validation" time="0.0">
    <ignored/>
  </testcase> <!-- Tips_Validation -->
  <testcase classname="com.oneapp.test_suits.Main_Methods" name="Valid_Login_001" time="0.0">
    <ignored/>
  </testcase> <!-- Valid_Login_001 -->
  <testcase classname="com.oneapp.test_suits.Main_Methods" name="Contact_Us_005" time="0.0">
    <ignored/>
  </testcase> <!-- Contact_Us_005 -->
  <testcase classname="com.oneapp.test_suits.Main_Methods" name="T_and_C_validation_005" time="0.0">
    <ignored/>
  </testcase> <!-- T_and_C_validation_005 -->
  <testcase classname="com.oneapp.test_suits.Main_Methods" name="Privacy_validation_004" time="0.0">
    <ignored/>
  </testcase> <!-- Privacy_validation_004 -->
  <testcase classname="com.oneapp.test_suits.Main_Methods" name="InValid_Login_002" time="0.0">
    <ignored/>
  </testcase> <!-- InValid_Login_002 -->
  <testcase classname="com.oneapp.test_suits.Main_Methods" name="Mininum_length_field_validation_003" time="0.0">
    <ignored/>
  </testcase> <!-- Mininum_length_field_validation_003 -->
</testsuite> <!-- Main_MethodsTest -->
