<?xml version="1.0" encoding="UTF-8"?>
<testng-results ignored="13" total="14" passed="1" failed="0" skipped="0">
  <reporter-output>
    <line>
      <![CDATA[Android emulator gets opened]]>
    </line>
  </reporter-output>
  <suite started-at="2022-12-25T20:48:00 IST" name="Main_MethodsSuite" finished-at="2022-12-25T20:49:01 IST" duration-ms="61331">
    <groups>
    </groups>
    <test started-at="2022-12-25T20:48:00 IST" name="Main_MethodsTest" finished-at="2022-12-25T20:49:01 IST" duration-ms="61331">
      <class name="com.oneapp.test_suits.Main_Methods">
        <test-method is-config="true" signature="Browsers_open(java.lang.String)[pri:0, instance:com.oneapp.test_suits.Main_Methods@3c7f66c4]" started-at="2022-12-25T20:48:00 IST" name="Browsers_open" finished-at="2022-12-25T20:48:48 IST" duration-ms="47933" status="PASS">
          <params>
            <param index="0">
              <value>
                <![CDATA[Android]]>
              </value>
            </param>
          </params>
          <reporter-output>
            <line>
              <![CDATA[Android emulator gets opened]]>
            </line>
          </reporter-output>
        </test-method> <!-- Browsers_open -->
        <test-method signature="InValid_Login_002()[pri:0, instance:com.oneapp.test_suits.Main_Methods@3c7f66c4]" started-at="2022-12-25T20:48:48 IST" name="InValid_Login_002" finished-at="2022-12-25T20:49:01 IST" duration-ms="13284" status="PASS">
          <reporter-output>
          </reporter-output>
        </test-method> <!-- InValid_Login_002 -->
        <test-method is-config="true" signature="Browsers_teardown()[pri:0, instance:com.oneapp.test_suits.Main_Methods@3c7f66c4]" started-at="2022-12-25T20:49:01 IST" name="Browsers_teardown" finished-at="2022-12-25T20:49:01 IST" duration-ms="2" status="PASS">
          <reporter-output>
          </reporter-output>
        </test-method> <!-- Browsers_teardown -->
      </class> <!-- com.oneapp.test_suits.Main_Methods -->
    </test> <!-- Main_MethodsTest -->
  </suite> <!-- Main_MethodsSuite -->
</testng-results>
