<?xml version="1.0" encoding="UTF-8"?>
<!-- Generated by org.testng.reporters.JUnitXMLReporter -->
<testsuite ignored="32" hostname="DESKTOP-VABRN9M" failures="0" tests="1" name="LoginTest" time="122.604" errors="0" timestamp="2023-01-28T16:36:08 IST">
  <testcase classname="com.oneapp.test_suits.Myprofile_testcases" name="Validate_saving_with_invalid_pincode_field" time="122.49"/>
  <testcase classname="com.oneapp.test_suits.Login_testcases" name="validation_app_working_expected_after_minimizing" time="0.0">
    <ignored/>
  </testcase> <!-- validation_app_working_expected_after_minimizing -->
  <testcase classname="com.oneapp.test_suits.Login_testcases" name="T_and_C_validation_005" time="0.0">
    <ignored/>
  </testcase> <!-- T_and_C_validation_005 -->
  <testcase classname="com.oneapp.test_suits.Myprofile_testcases" name="Validate_saving_with_blank_fullName_field" time="0.0">
    <ignored/>
  </testcase> <!-- Validate_saving_with_blank_fullName_field -->
  <testcase classname="com.oneapp.test_suits.OTP_testcases" name="validate_valid_OTP_with_no_internet_testcase" time="0.0">
    <ignored/>
  </testcase> <!-- validate_valid_OTP_with_no_internet_testcase -->
  <testcase classname="com.oneapp.test_suits.OTP_testcases" name="validate_OTP_after_resend_testcase" time="0.0">
    <ignored/>
  </testcase> <!-- validate_OTP_after_resend_testcase -->
  <testcase classname="com.oneapp.test_suits.Login_testcases" name="validation_privacypage_with_no_internet" time="0.0">
    <ignored/>
  </testcase> <!-- validation_privacypage_with_no_internet -->
  <testcase classname="com.oneapp.test_suits.Myprofile_testcases" name="Validate_saving_with_invalid_email_field" time="0.0">
    <ignored/>
  </testcase> <!-- Validate_saving_with_invalid_email_field -->
  <testcase classname="com.oneapp.test_suits.Login_testcases" name="Contact_Us_005" time="0.0">
    <ignored/>
  </testcase> <!-- Contact_Us_005 -->
  <testcase classname="com.oneapp.test_suits.Myprofile_testcases" name="validate_myprofile_valid_details_testcase400" time="0.0">
    <ignored/>
  </testcase> <!-- validate_myprofile_valid_details_testcase400 -->
  <testcase classname="com.oneapp.test_suits.OTP_testcases" name="validation_valid_OTP_working_expected_after_minimizing" time="0.0">
    <ignored/>
  </testcase> <!-- validation_valid_OTP_working_expected_after_minimizing -->
  <testcase classname="com.oneapp.test_suits.Login_testcases" name="Valid_Login_001" time="0.0">
    <ignored/>
  </testcase> <!-- Valid_Login_001 -->
  <testcase classname="com.oneapp.test_suits.GoodLife_testcases" name="validate_Goodlife_Non_member_asOwner_testcase" time="0.0">
    <ignored/>
  </testcase> <!-- validate_Goodlife_Non_member_asOwner_testcase -->
  <testcase classname="com.oneapp.test_suits.OTP_testcases" name="validate_OTP_testcase" time="0.0">
    <ignored/>
  </testcase> <!-- validate_OTP_testcase -->
  <testcase classname="com.oneapp.test_suits.OTP_testcases" name="validate_invalid_OTP_testcase" time="0.0">
    <ignored/>
  </testcase> <!-- validate_invalid_OTP_testcase -->
  <testcase classname="com.oneapp.test_suits.EmergencyContact_testcases" name="validate_emergency_contact_deleted_succesfully_testcase" time="0.0">
    <ignored/>
  </testcase> <!-- validate_emergency_contact_deleted_succesfully_testcase -->
  <testcase classname="com.oneapp.test_suits.Login_testcases" name="Privacy_validation_004" time="0.0">
    <ignored/>
  </testcase> <!-- Privacy_validation_004 -->
  <testcase classname="com.oneapp.test_suits.Myprofile_testcases" name="Validate_save_button_with_no_internet" time="0.0">
    <ignored/>
  </testcase> <!-- Validate_save_button_with_no_internet -->
  <testcase classname="com.oneapp.basic.BrowserFactory" name="@BeforeSuite Browsers_open" time="0.0">
    <ignored/>
  </testcase> <!-- @BeforeSuite Browsers_open -->
  <testcase classname="com.oneapp.basic.BrowserFactory" name="@BeforeSuite Browsers_open" time="0.0">
    <ignored/>
  </testcase> <!-- @BeforeSuite Browsers_open -->
  <testcase classname="com.oneapp.basic.BrowserFactory" name="@BeforeSuite Browsers_open" time="0.0">
    <ignored/>
  </testcase> <!-- @BeforeSuite Browsers_open -->
  <testcase classname="com.oneapp.basic.BrowserFactory" name="@BeforeSuite Browsers_open" time="0.0">
    <ignored/>
  </testcase> <!-- @BeforeSuite Browsers_open -->
  <testcase classname="com.oneapp.basic.BrowserFactory" name="@BeforeSuite Browsers_open" time="0.0">
    <ignored/>
  </testcase> <!-- @BeforeSuite Browsers_open -->
  <testcase classname="com.oneapp.basic.BrowserFactory" name="@BeforeSuite Browsers_open" time="0.0">
    <ignored/>
  </testcase> <!-- @BeforeSuite Browsers_open -->
  <testcase classname="com.oneapp.test_suits.EmergencyContact_testcases" name="validate_emergency_contact_added_succesfully_testcase" time="0.0">
    <ignored/>
  </testcase> <!-- validate_emergency_contact_added_succesfully_testcase -->
  <testcase classname="com.oneapp.test_suits.Login_testcases" name="mininum_length_field_validation_003" time="0.0">
    <ignored/>
  </testcase> <!-- mininum_length_field_validation_003 -->
  <testcase classname="com.oneapp.test_suits.Myprofile_testcases" name="Validate_saving_with_invalid_dateofbirth_field" time="0.0">
    <ignored/>
  </testcase> <!-- Validate_saving_with_invalid_dateofbirth_field -->
  <testcase classname="com.oneapp.test_suits.Myprofile_testcases" name="Validate_saving_with_blank_email_field" time="0.0">
    <ignored/>
  </testcase> <!-- Validate_saving_with_blank_email_field -->
  <testcase classname="com.oneapp.test_suits.Login_testcases" name="validate_continue_with_no_internet" time="0.0">
    <ignored/>
  </testcase> <!-- validate_continue_with_no_internet -->
  <testcase classname="com.oneapp.test_suits.Myprofile_testcases" name="Validate_saving_with_invalid_address_field" time="0.0">
    <ignored/>
  </testcase> <!-- Validate_saving_with_invalid_address_field -->
  <testcase classname="com.oneapp.test_suits.ManageLicense_testcases" name="validation_manage_licence_testcase" time="0.0">
    <ignored/>
  </testcase> <!-- validation_manage_licence_testcase -->
  <testcase classname="com.oneapp.test_suits.BookService_testcases" name="validate_Bookservice_FSC_testcase" time="0.0">
    <ignored/>
  </testcase> <!-- validate_Bookservice_FSC_testcase -->
  <testcase classname="com.oneapp.test_suits.Login_testcases" name="invalid_Login_002" time="0.0">
    <ignored/>
  </testcase> <!-- invalid_Login_002 -->
</testsuite> <!-- LoginTest -->
